Started by GitHub push by gavriel996
Lightweight checkout support not available, falling back to full checkout.
Checking out git https://github.com/gavriel996/curly-octo-potato.git into /var/jenkins_home/workspace/basicPipeline@script/214ade014a3679ddd3748353348955ad71d81f34eb568bdebcfb510081d13bf7 to read Jenkinsfile
The recommended git tool is: NONE
No credentials specified
 > git rev-parse --resolve-git-dir /var/jenkins_home/workspace/basicPipeline@script/214ade014a3679ddd3748353348955ad71d81f34eb568bdebcfb510081d13bf7/.git # timeout=10
Fetching changes from the remote Git repository
 > git config remote.origin.url https://github.com/gavriel996/curly-octo-potato.git # timeout=10
Fetching upstream changes from https://github.com/gavriel996/curly-octo-potato.git
 > git --version # timeout=10
 > git --version # 'git version 2.38.1'
 > git fetch --tags --force --progress -- https://github.com/gavriel996/curly-octo-potato.git +refs/heads/*:refs/remotes/origin/* # timeout=10
Seen branch in repository origin/add-basic-docker-compose
Seen branch in repository origin/add-python-script-and-README-change
Seen branch in repository origin/fix
Seen branch in repository origin/master
Seen branch in repository origin/test-jenkinsfile
Seen branch in repository origin/tiny-README-change-to-test-ci
Seen 6 remote branches
 > git show-ref --tags -d # timeout=10
Checking out Revision a0efe43abc396b503bb05430f4482b8f98676ae1 (origin/fix)
 > git config core.sparsecheckout # timeout=10
 > git checkout -f a0efe43abc396b503bb05430f4482b8f98676ae1 # timeout=10
Commit message: "change pipeline name"
First time build. Skipping changelog.
org.codehaus.groovy.control.MultipleCompilationErrorsException: startup failed:
WorkflowScript: 16: No variables specified for environment @ line 16, column 6.
   	    environment {
        ^

WorkflowScript: 3: No variables specified for environment @ line 3, column 5.
       environment {
       ^

2 errors

	at org.codehaus.groovy.control.ErrorCollector.failIfErrors(ErrorCollector.java:309)
	at org.codehaus.groovy.control.CompilationUnit.applyToPrimaryClassNodes(CompilationUnit.java:1107)
	at org.codehaus.groovy.control.CompilationUnit.doPhaseOperation(CompilationUnit.java:624)
	at org.codehaus.groovy.control.CompilationUnit.processPhaseOperations(CompilationUnit.java:602)
	at org.codehaus.groovy.control.CompilationUnit.compile(CompilationUnit.java:579)
	at groovy.lang.GroovyClassLoader.doParseClass(GroovyClassLoader.java:323)
	at groovy.lang.GroovyClassLoader.parseClass(GroovyClassLoader.java:293)
	at org.jenkinsci.plugins.scriptsecurity.sandbox.groovy.GroovySandbox$Scope.parse(GroovySandbox.java:163)
	at org.jenkinsci.plugins.workflow.cps.CpsGroovyShell.doParse(CpsGroovyShell.java:142)
	at org.jenkinsci.plugins.workflow.cps.CpsGroovyShell.reparse(CpsGroovyShell.java:127)
	at org.jenkinsci.plugins.workflow.cps.CpsFlowExecution.parseScript(CpsFlowExecution.java:563)
	at org.jenkinsci.plugins.workflow.cps.CpsFlowExecution.start(CpsFlowExecution.java:515)
	at org.jenkinsci.plugins.workflow.job.WorkflowRun.run(WorkflowRun.java:336)
	at hudson.model.ResourceController.execute(ResourceController.java:107)
	at hudson.model.Executor.run(Executor.java:449)
Finished: FAILURE
